<?xml version="1.0" encoding="UTF-8"?>
<!-- Generated by org.testng.reporters.JUnitReportReporter -->
<testsuite skipped="1" hostname="CDC2-D-CM5NXJ2" name="SeleniumPackage.GoogleTest" tests="2" failures="0" timestamp="04 Oct 2018 09:48:41 GMT" time="0.008" errors="0">
  <testcase name="GoogleNewsTest" time="0.008" classname="SeleniumPackage.GoogleTest"/>
  <testcase name="GoogleMailTest" classname="SeleniumPackage.GoogleTest">
    <skipped/>
  </testcase> <!-- GoogleMailTest -->
</testsuite> <!-- SeleniumPackage.GoogleTest -->
