<?xml version="1.0" encoding="UTF-8"?>
<!-- Generated by org.testng.reporters.JUnitReportReporter -->
<testsuite skipped="0" hostname="CDC2-D-CM5NXJ2" name="SeleniumPackage.YahooTest" tests="2" failures="0" timestamp="04 Oct 2018 09:48:00 GMT" time="0.007" errors="0">
  <testcase name="yahooNewsTest" time="0.003" classname="SeleniumPackage.YahooTest"/>
  <testcase name="yahooMailTest" time="0.004" classname="SeleniumPackage.YahooTest"/>
</testsuite> <!-- SeleniumPackage.YahooTest -->
