<?xml version="1.0" encoding="UTF-8"?>
<!-- Generated by org.testng.reporters.JUnitReportReporter -->
<testsuite skipped="0" hostname="CDC2-D-CM5NXJ2" name="SeleniumPackage.DataProviderDemo" tests="2" failures="0" timestamp="04 Oct 2018 09:35:19 GMT" time="0.041" errors="0">
  <testcase name="f" time="0.004" classname="SeleniumPackage.DataProviderDemo"/>
  <testcase name="f" time="0.037" classname="SeleniumPackage.DataProviderDemo"/>
</testsuite> <!-- SeleniumPackage.DataProviderDemo -->
