<?xml version="1.0" encoding="UTF-8"?>
<!-- Generated by org.testng.reporters.JUnitReportReporter -->
<testsuite skipped="0" hostname="CDC2-D-CM5NXJ2" name="SeleniumPackage.CookieExample" tests="1" failures="0" timestamp="08 Oct 2018 07:17:24 GMT" time="32.703" errors="0">
  <testcase name="login" time="32.703" classname="SeleniumPackage.CookieExample"/>
</testsuite> <!-- SeleniumPackage.CookieExample -->
